<?xml version="1.0" encoding="UTF-8"?>
<!-- Generated by org.testng.reporters.JUnitReportReporter -->
<testsuite hostname="DESKTOP-7U36PK5" failures="0" tests="1" name="TestSuite.LoginTestSuite" time="0.810" errors="0" timestamp="2023-04-04T13:08:08 IST" skipped="0">
  <testcase classname="TestSuite.LoginTestSuite" name="userLogin" time="0.810"/>
  <system-out/>
</testsuite> <!-- TestSuite.LoginTestSuite -->
