<?xml version="1.0" encoding="UTF-8"?>
<!-- Generated by org.testng.reporters.JUnitReportReporter -->
<testsuite hostname="DESKTOP-7U36PK5" failures="0" tests="1" name="TestSuite.HomeTestSuite" time="1.709" errors="0" timestamp="2023-04-04T13:08:08 IST" skipped="0">
  <testcase classname="TestSuite.HomeTestSuite" name="userAddItemtoCartAndRemove" time="1.709"/>
  <system-out/>
</testsuite> <!-- TestSuite.HomeTestSuite -->
